Apr 18 2020 18:28:12
{"type":8,"message":"Undefined variable: template","file":"\/Users\/edward\/Desktop\/wordpress\/catalyst\/wp-content\/themes\/catalyst\/app\/setup.php","line":165}

Apr 18 2020 18:28:12
{"type":8,"message":"Undefined variable: template","file":"\/Users\/edward\/Desktop\/wordpress\/catalyst\/wp-content\/themes\/catalyst\/app\/setup.php","line":165}

Apr 18 2020 18:28:12
{"type":8,"message":"Undefined variable: template","file":"\/Users\/edward\/Desktop\/wordpress\/catalyst\/wp-content\/themes\/catalyst\/app\/setup.php","line":165}

Apr 18 2020 18:28:12
{"type":8,"message":"Undefined variable: template","file":"\/Users\/edward\/Desktop\/wordpress\/catalyst\/wp-content\/themes\/catalyst\/app\/setup.php","line":165}

Apr 18 2020 18:28:15
{"type":8,"message":"Undefined variable: template","file":"\/Users\/edward\/Desktop\/wordpress\/catalyst\/wp-content\/themes\/catalyst\/app\/setup.php","line":165}

Apr 18 2020 18:28:25
{"type":8,"message":"Undefined variable: template","file":"\/Users\/edward\/Desktop\/wordpress\/catalyst\/wp-content\/themes\/catalyst\/app\/setup.php","line":165}

Apr 18 2020 18:28:33
{"type":8,"message":"Undefined variable: template","file":"\/Users\/edward\/Desktop\/wordpress\/catalyst\/wp-content\/themes\/catalyst\/app\/setup.php","line":165}

Apr 18 2020 18:28:33
{"type":8,"message":"Undefined variable: template","file":"\/Users\/edward\/Desktop\/wordpress\/catalyst\/wp-content\/themes\/catalyst\/app\/setup.php","line":165}

Apr 18 2020 18:28:33
{"type":8,"message":"Undefined variable: template","file":"\/Users\/edward\/Desktop\/wordpress\/catalyst\/wp-content\/themes\/catalyst\/app\/setup.php","line":165}

Apr 18 2020 18:28:33
{"type":8,"message":"Undefined variable: template","file":"\/Users\/edward\/Desktop\/wordpress\/catalyst\/wp-content\/themes\/catalyst\/app\/setup.php","line":165}

Apr 18 2020 18:28:33
{"type":8,"message":"Undefined variable: template","file":"\/Users\/edward\/Desktop\/wordpress\/catalyst\/wp-content\/themes\/catalyst\/app\/setup.php","line":165}

Jul 01 2020 00:51:17
{"type":16384,"message":"The \"Doctrine\\Common\\Inflector\\Inflector::singularize\" method is deprecated and will be dropped in doctrine\/inflector 2.0. Please update to the new Inflector API.","file":"\/Users\/edward\/Desktop\/wordpress\/clarity\/wp-content\/themes\/clarity\/vendor\/doctrine\/inflector\/lib\/Doctrine\/Common\/Inflector\/Inflector.php","line":277}

Jul 01 2020 00:51:18
{"type":16384,"message":"The \"Doctrine\\Common\\Inflector\\Inflector::singularize\" method is deprecated and will be dropped in doctrine\/inflector 2.0. Please update to the new Inflector API.","file":"\/Users\/edward\/Desktop\/wordpress\/clarity\/wp-content\/themes\/clarity\/vendor\/doctrine\/inflector\/lib\/Doctrine\/Common\/Inflector\/Inflector.php","line":277}

Jul 01 2020 00:51:18
{"type":16384,"message":"The \"Doctrine\\Common\\Inflector\\Inflector::singularize\" method is deprecated and will be dropped in doctrine\/inflector 2.0. Please update to the new Inflector API.","file":"\/Users\/edward\/Desktop\/wordpress\/clarity\/wp-content\/themes\/clarity\/vendor\/doctrine\/inflector\/lib\/Doctrine\/Common\/Inflector\/Inflector.php","line":277}

Jul 01 2020 00:51:18
{"type":16384,"message":"The \"Doctrine\\Common\\Inflector\\Inflector::singularize\" method is deprecated and will be dropped in doctrine\/inflector 2.0. Please update to the new Inflector API.","file":"\/Users\/edward\/Desktop\/wordpress\/clarity\/wp-content\/themes\/clarity\/vendor\/doctrine\/inflector\/lib\/Doctrine\/Common\/Inflector\/Inflector.php","line":277}

Jul 01 2020 00:51:21
{"type":16384,"message":"The \"Doctrine\\Common\\Inflector\\Inflector::singularize\" method is deprecated and will be dropped in doctrine\/inflector 2.0. Please update to the new Inflector API.","file":"\/Users\/edward\/Desktop\/wordpress\/clarity\/wp-content\/themes\/clarity\/vendor\/doctrine\/inflector\/lib\/Doctrine\/Common\/Inflector\/Inflector.php","line":277}

Jul 01 2020 00:51:31
{"type":16384,"message":"The \"Doctrine\\Common\\Inflector\\Inflector::singularize\" method is deprecated and will be dropped in doctrine\/inflector 2.0. Please update to the new Inflector API.","file":"\/Users\/edward\/Desktop\/wordpress\/clarity\/wp-content\/themes\/clarity\/vendor\/doctrine\/inflector\/lib\/Doctrine\/Common\/Inflector\/Inflector.php","line":277}

Jul 01 2020 00:51:35
{"type":16384,"message":"The \"Doctrine\\Common\\Inflector\\Inflector::singularize\" method is deprecated and will be dropped in doctrine\/inflector 2.0. Please update to the new Inflector API.","file":"\/Users\/edward\/Desktop\/wordpress\/clarity\/wp-content\/themes\/clarity\/vendor\/doctrine\/inflector\/lib\/Doctrine\/Common\/Inflector\/Inflector.php","line":277}

Jul 01 2020 00:51:35
{"type":16384,"message":"The \"Doctrine\\Common\\Inflector\\Inflector::singularize\" method is deprecated and will be dropped in doctrine\/inflector 2.0. Please update to the new Inflector API.","file":"\/Users\/edward\/Desktop\/wordpress\/clarity\/wp-content\/themes\/clarity\/vendor\/doctrine\/inflector\/lib\/Doctrine\/Common\/Inflector\/Inflector.php","line":277}

Jul 01 2020 00:51:35
{"type":16384,"message":"The \"Doctrine\\Common\\Inflector\\Inflector::singularize\" method is deprecated and will be dropped in doctrine\/inflector 2.0. Please update to the new Inflector API.","file":"\/Users\/edward\/Desktop\/wordpress\/clarity\/wp-content\/themes\/clarity\/vendor\/doctrine\/inflector\/lib\/Doctrine\/Common\/Inflector\/Inflector.php","line":277}

Jul 01 2020 00:51:36
{"type":16384,"message":"The \"Doctrine\\Common\\Inflector\\Inflector::singularize\" method is deprecated and will be dropped in doctrine\/inflector 2.0. Please update to the new Inflector API.","file":"\/Users\/edward\/Desktop\/wordpress\/clarity\/wp-content\/themes\/clarity\/vendor\/doctrine\/inflector\/lib\/Doctrine\/Common\/Inflector\/Inflector.php","line":277}

Jul 01 2020 00:51:36
{"type":16384,"message":"The \"Doctrine\\Common\\Inflector\\Inflector::singularize\" method is deprecated and will be dropped in doctrine\/inflector 2.0. Please update to the new Inflector API.","file":"\/Users\/edward\/Desktop\/wordpress\/clarity\/wp-content\/themes\/clarity\/vendor\/doctrine\/inflector\/lib\/Doctrine\/Common\/Inflector\/Inflector.php","line":277}

Sep 11 2020 13:37:17
{"Number":2,"Message":"filesize(): stat failed for \/Users\/edward\/Desktop\/wordpress\/dsn\/wp-content\/plugins\/all-in-one-wp-migration\/storage\/d92qx9h45nyr\/dsn.test-20200911-133656-894.wpress","File":"\/Users\/edward\/Desktop\/wordpress\/dsn\/wp-content\/plugins\/all-in-one-wp-migration\/lib\/vendor\/servmask\/archiver\/class-ai1wm-archiver.php","Line":217}

